<?xml version="1.0" encoding="UTF-8"?>
<!-- Generated by org.testng.reporters.JUnitXMLReporter -->
<testsuite ignored="1" hostname="IN-PPM108528" failures="1" tests="3" name="Full Name without mail" time="0.042" errors="0" timestamp="2023-09-17T11:01:38 IST">
  <testcase classname="S16_FrameworkPart1._131_RunningTestCasesUsingTestNG2" name="Demo2test" time="0.0">
    <failure type="org.testng.TestNGException" message="
Parameter &amp;apos;URL&amp;apos; is required by @Test on method Demo2test but has not been marked @Optional or defined
in C:\Users\plsrihar.old\Applications - Softwares\Selenium\Learning_Workspace\TestNG\testngParllelTestting.xml">
      <![CDATA[org.testng.TestNGException: 
Parameter 'URL' is required by @Test on method Demo2test but has not been marked @Optional or defined
in C:\Users\plsrihar.old\Applications - Softwares\Selenium\Learning_Workspace\TestNG\testngParllelTestting.xml
at java.base/java.util.ArrayList.forEach(ArrayList.java:1511)
at java.base/java.util.concurrent.FutureTask.run(FutureTask.java:264)
at java.base/java.util.concurrent.ThreadPoolExecutor.runWorker(ThreadPoolExecutor.java:1136)
at java.base/java.util.concurrent.ThreadPoolExecutor$Worker.run(ThreadPoolExecutor.java:635)
at java.base/java.lang.Thread.run(Thread.java:833)
... Removed 16 stack frames]]>
    </failure>
  </testcase> <!-- Demo2test -->
  <testcase classname="S16_FrameworkPart1._131_RunningTestCasesUsingTestNG3" name="Demo" time="0.001"/>
  <testcase classname="S16_FrameworkPart1._131_RunningTestCasesUsingTestNG2" name="Demo" time="0.0">
    <skipped/>
  </testcase> <!-- Demo -->
  <testcase classname="S16_FrameworkPart1._131_RunningTestCasesUsingTestNG3" name="Demo2test" time="0.0">
    <ignored/>
  </testcase> <!-- Demo2test -->
</testsuite> <!-- Full Name without mail -->
