<!DOCTYPE html PUBLIC "-//W3C//DTD XHTML 1.1//EN" "https://www.w3.org/TR/xhtml11/DTD/xhtml11.dtd">
<html xmlns="https://www.w3.org/1999/xhtml">
<head>
<meta http-equiv="content-type" content="text/html; charset=UTF-8"/>
<title>TestNG Report</title>
<style type="text/css">table {margin-bottom:10px;border-collapse:collapse;empty-cells:show}th,td {border:1px solid #009;padding:.25em .5em}th {vertical-align:bottom}td {vertical-align:top}table a {font-weight:bold}.stripe td {background-color: #E6EBF9}.num {text-align:right}.passedodd td {background-color: #3F3}.passedeven td {background-color: #0A0}.skippedodd td {background-color: #DDD}.skippedeven td {background-color: #CCC}.failedodd td,.attn {background-color: #F33}.failedeven td,.stripe .attn {background-color: #D00}.stacktrace {white-space:pre;font-family:monospace}.totop {font-size:85%;text-align:center;border-bottom:2px solid #000}.invisible {display:none}</style>
</head>
<body>
<table>
<tr><th>Test</th><th># Passed</th><th># Skipped</th><th># Retried</th><th># Failed</th><th>Time (ms)</th><th>Included Groups</th><th>Excluded Groups</th></tr>
<tr><th colspan="8">Application</th></tr>
<tr><td><a href="#t0">Full Name without mail</a></td><td class="num">1</td><td class="num attn">1</td><td class="num">0</td><td class="num attn">1</td><td class="num">42</td><td></td><td></td></tr>
<tr class="stripe"><td><a href="#t1">Details with out mail</a></td><td class="num">1</td><td class="num attn">1</td><td class="num">0</td><td class="num attn">1</td><td class="num">42</td><td></td><td></td></tr>
<tr><td><a href="#t2">Great Me</a></td><td class="num">3</td><td class="num attn">2</td><td class="num">0</td><td class="num attn">2</td><td class="num">49</td><td></td><td></td></tr>
<tr><th>Total</th><th class="num">5</th><th class="num attn">4</th><th class="num">0</th><th class="num attn">4</th><th class="num">133</th><th colspan="2"></th></tr>
</table>
<table id='summary'><thead><tr><th>Class</th><th>Method</th><th>Start</th><th>Time (ms)</th></tr></thead><tbody><tr><th colspan="4">Application</th></tr></tbody><tbody id="t0"><tr><th colspan="4">Full Name without mail &#8212; failed</th></tr><tr class="failedeven"><td rowspan="1">S16_FrameworkPart1._131_RunningTestCasesUsingTestNG2</td><td><a href="#m0">Demo2test</a></td><td rowspan="1">1694928698617</td><td rowspan="1">0</td></tr><tr><th colspan="4">Full Name without mail &#8212; skipped</th></tr><tr class="skippedeven"><td rowspan="1">S16_FrameworkPart1._131_RunningTestCasesUsingTestNG2</td><td><a href="#m1">Demo</a></td><td rowspan="1">1694928698632</td><td rowspan="1">0</td></tr><tr><th colspan="4">Full Name without mail &#8212; passed</th></tr><tr class="passedeven"><td rowspan="1">S16_FrameworkPart1._131_RunningTestCasesUsingTestNG3</td><td><a href="#m2">Demo</a></td><td rowspan="1">1694928698625</td><td rowspan="1">1</td></tr></tbody>
<tbody id="t1"><tr><th colspan="4">Details with out mail &#8212; failed</th></tr><tr class="failedeven"><td rowspan="1">S16_FrameworkPart1._131_RunningTestCasesUsingTestNG4</td><td><a href="#m3">Demo2test</a></td><td rowspan="1">1694928698628</td><td rowspan="1">0</td></tr><tr><th colspan="4">Details with out mail &#8212; skipped</th></tr><tr class="skippedeven"><td rowspan="1">S16_FrameworkPart1._131_RunningTestCasesUsingTestNG4</td><td><a href="#m4">Demo</a></td><td rowspan="1">1694928698632</td><td rowspan="1">0</td></tr><tr><th colspan="4">Details with out mail &#8212; passed</th></tr><tr class="passedeven"><td rowspan="1">S16_FrameworkPart1._131_RunningTestCasesUsingTestNG3</td><td><a href="#m5">Demo</a></td><td rowspan="1">1694928698620</td><td rowspan="1">3</td></tr></tbody>
<tbody id="t2"><tr><th colspan="4">Great Me &#8212; failed</th></tr><tr class="failedeven"><td rowspan="1">S16_FrameworkPart1._131_RunningTestCasesUsingTestNG</td><td><a href="#m6">Demo2test</a></td><td rowspan="1">1694928698617</td><td rowspan="1">0</td></tr><tr class="failedodd"><td rowspan="1">S16_FrameworkPart1._131_RunningTestCasesUsingTestNG2</td><td><a href="#m7">Demo2test</a></td><td rowspan="1">1694928698638</td><td rowspan="1">0</td></tr><tr><th colspan="4">Great Me &#8212; skipped</th></tr><tr class="skippedeven"><td rowspan="1">S16_FrameworkPart1._131_RunningTestCasesUsingTestNG</td><td><a href="#m8">Demo</a></td><td rowspan="1">1694928698639</td><td rowspan="1">0</td></tr><tr class="skippedodd"><td rowspan="1">S16_FrameworkPart1._131_RunningTestCasesUsingTestNG2</td><td><a href="#m9">Demo</a></td><td rowspan="1">1694928698641</td><td rowspan="1">0</td></tr><tr><th colspan="4">Great Me &#8212; passed</th></tr><tr class="passedeven"><td rowspan="3">S16_FrameworkPart1._131_RunningTestCasesUsingTestNG</td><td><a href="#m10">datafetch</a></td><td rowspan="3">1694928698632</td><td rowspan="3">1</td></tr><tr class="passedeven"><td><a href="#m11">datafetch</a></td></tr><tr class="passedeven"><td><a href="#m12">datafetch</a></td></tr></tbody>
</table>
<h2>Full Name without mail</h2><h3 id="m0">S16_FrameworkPart1._131_RunningTestCasesUsingTestNG2#Demo2test</h3><table class="result"><tr><th>Exception</th></tr><tr><td><div class="stacktrace">org.testng.TestNGException: 
Parameter &apos;URL&apos; is required by @Test on method Demo2test but has not been marked @Optional or defined
in C:\Users\plsrihar.old\Applications - Softwares\Selenium\Learning_Workspace\TestNG\testngParllelTestting.xml
	at java.base/java.util.ArrayList.forEach(ArrayList.java:1511)
	at java.base/java.util.concurrent.FutureTask.run(FutureTask.java:264)
	at java.base/java.util.concurrent.ThreadPoolExecutor.runWorker(ThreadPoolExecutor.java:1136)
	at java.base/java.util.concurrent.ThreadPoolExecutor$Worker.run(ThreadPoolExecutor.java:635)
	at java.base/java.lang.Thread.run(Thread.java:833)
... Removed 16 stack frames</div></td></tr></table><p class="totop"><a href="#summary">back to summary</a></p>
<h3 id="m1">S16_FrameworkPart1._131_RunningTestCasesUsingTestNG2#Demo</h3><table class="result"><tr><th>Exception</th></tr><tr><td><div class="stacktrace">java.lang.Throwable: Method S16_FrameworkPart1._131_RunningTestCasesUsingTestNG2.Demo() on instance S16_FrameworkPart1._131_RunningTestCasesUsingTestNG2@74e28667 depends on not successfully finished methods 
[S16_FrameworkPart1._131_RunningTestCasesUsingTestNG2.Demo2test() on instance S16_FrameworkPart1._131_RunningTestCasesUsingTestNG2@74e28667]
	at java.base/java.util.ArrayList.forEach(ArrayList.java:1511)
	at java.base/java.util.concurrent.FutureTask.run(FutureTask.java:264)
	at java.base/java.util.concurrent.ThreadPoolExecutor.runWorker(ThreadPoolExecutor.java:1136)
	at java.base/java.util.concurrent.ThreadPoolExecutor$Worker.run(ThreadPoolExecutor.java:635)
	at java.base/java.lang.Thread.run(Thread.java:833)
... Removed 8 stack frames</div></td></tr></table><p class="totop"><a href="#summary">back to summary</a></p>
<h3 id="m2">S16_FrameworkPart1._131_RunningTestCasesUsingTestNG3#Demo</h3><table class="result"><tr><th class="invisible"/></tr></table><p class="totop"><a href="#summary">back to summary</a></p>
<h2>Details with out mail</h2><h3 id="m3">S16_FrameworkPart1._131_RunningTestCasesUsingTestNG4#Demo2test</h3><table class="result"><tr><th>Exception</th></tr><tr><td><div class="stacktrace">org.testng.TestNGException: 
Parameter &apos;URL&apos; is required by @Test on method Demo2test but has not been marked @Optional or defined
in C:\Users\plsrihar.old\Applications - Softwares\Selenium\Learning_Workspace\TestNG\testngParllelTestting.xml
	at java.base/java.util.ArrayList.forEach(ArrayList.java:1511)
	at java.base/java.util.concurrent.FutureTask.run(FutureTask.java:264)
	at java.base/java.util.concurrent.ThreadPoolExecutor.runWorker(ThreadPoolExecutor.java:1136)
	at java.base/java.util.concurrent.ThreadPoolExecutor$Worker.run(ThreadPoolExecutor.java:635)
	at java.base/java.lang.Thread.run(Thread.java:833)
... Removed 16 stack frames</div></td></tr></table><p class="totop"><a href="#summary">back to summary</a></p>
<h3 id="m4">S16_FrameworkPart1._131_RunningTestCasesUsingTestNG4#Demo</h3><table class="result"><tr><th>Exception</th></tr><tr><td><div class="stacktrace">java.lang.Throwable: Method S16_FrameworkPart1._131_RunningTestCasesUsingTestNG4.Demo() on instance S16_FrameworkPart1._131_RunningTestCasesUsingTestNG4@235ecd9f depends on not successfully finished methods 
[S16_FrameworkPart1._131_RunningTestCasesUsingTestNG4.Demo2test() on instance S16_FrameworkPart1._131_RunningTestCasesUsingTestNG4@235ecd9f]
	at java.base/java.util.ArrayList.forEach(ArrayList.java:1511)
	at java.base/java.util.concurrent.FutureTask.run(FutureTask.java:264)
	at java.base/java.util.concurrent.ThreadPoolExecutor.runWorker(ThreadPoolExecutor.java:1136)
	at java.base/java.util.concurrent.ThreadPoolExecutor$Worker.run(ThreadPoolExecutor.java:635)
	at java.base/java.lang.Thread.run(Thread.java:833)
... Removed 8 stack frames</div></td></tr></table><p class="totop"><a href="#summary">back to summary</a></p>
<h3 id="m5">S16_FrameworkPart1._131_RunningTestCasesUsingTestNG3#Demo</h3><table class="result"><tr><th class="invisible"/></tr></table><p class="totop"><a href="#summary">back to summary</a></p>
<h2>Great Me</h2><h3 id="m6">S16_FrameworkPart1._131_RunningTestCasesUsingTestNG#Demo2test</h3><table class="result"><tr><th>Exception</th></tr><tr><td><div class="stacktrace">org.testng.TestNGException: 
Parameter &apos;URL&apos; is required by @Test on method Demo2test but has not been marked @Optional or defined
in C:\Users\plsrihar.old\Applications - Softwares\Selenium\Learning_Workspace\TestNG\testngParllelTestting.xml
	at java.base/java.util.ArrayList.forEach(ArrayList.java:1511)
	at java.base/java.util.concurrent.FutureTask.run(FutureTask.java:264)
	at java.base/java.util.concurrent.ThreadPoolExecutor.runWorker(ThreadPoolExecutor.java:1136)
	at java.base/java.util.concurrent.ThreadPoolExecutor$Worker.run(ThreadPoolExecutor.java:635)
	at java.base/java.lang.Thread.run(Thread.java:833)
... Removed 16 stack frames</div></td></tr></table><p class="totop"><a href="#summary">back to summary</a></p>
<h3 id="m7">S16_FrameworkPart1._131_RunningTestCasesUsingTestNG2#Demo2test</h3><table class="result"><tr><th>Exception</th></tr><tr><td><div class="stacktrace">org.testng.TestNGException: 
Parameter &apos;URL&apos; is required by @Test on method Demo2test but has not been marked @Optional or defined
in C:\Users\plsrihar.old\Applications - Softwares\Selenium\Learning_Workspace\TestNG\testngParllelTestting.xml
	at java.base/java.util.ArrayList.forEach(ArrayList.java:1511)
	at java.base/java.util.concurrent.FutureTask.run(FutureTask.java:264)
	at java.base/java.util.concurrent.ThreadPoolExecutor.runWorker(ThreadPoolExecutor.java:1136)
	at java.base/java.util.concurrent.ThreadPoolExecutor$Worker.run(ThreadPoolExecutor.java:635)
	at java.base/java.lang.Thread.run(Thread.java:833)
... Removed 16 stack frames</div></td></tr></table><p class="totop"><a href="#summary">back to summary</a></p>
<h3 id="m8">S16_FrameworkPart1._131_RunningTestCasesUsingTestNG#Demo</h3><table class="result"><tr><th>Exception</th></tr><tr><td><div class="stacktrace">java.lang.Throwable: Method S16_FrameworkPart1._131_RunningTestCasesUsingTestNG.Demo() on instance S16_FrameworkPart1._131_RunningTestCasesUsingTestNG@3012646b depends on not successfully finished methods 
[S16_FrameworkPart1._131_RunningTestCasesUsingTestNG.Demo2test() on instance S16_FrameworkPart1._131_RunningTestCasesUsingTestNG@3012646b]
	at java.base/java.util.ArrayList.forEach(ArrayList.java:1511)
	at java.base/java.util.concurrent.FutureTask.run(FutureTask.java:264)
	at java.base/java.util.concurrent.ThreadPoolExecutor.runWorker(ThreadPoolExecutor.java:1136)
	at java.base/java.util.concurrent.ThreadPoolExecutor$Worker.run(ThreadPoolExecutor.java:635)
	at java.base/java.lang.Thread.run(Thread.java:833)
... Removed 8 stack frames</div></td></tr></table><p class="totop"><a href="#summary">back to summary</a></p>
<h3 id="m9">S16_FrameworkPart1._131_RunningTestCasesUsingTestNG2#Demo</h3><table class="result"><tr><th>Exception</th></tr><tr><td><div class="stacktrace">java.lang.Throwable: Method S16_FrameworkPart1._131_RunningTestCasesUsingTestNG2.Demo() on instance S16_FrameworkPart1._131_RunningTestCasesUsingTestNG2@4d154ccd depends on not successfully finished methods 
[S16_FrameworkPart1._131_RunningTestCasesUsingTestNG2.Demo2test() on instance S16_FrameworkPart1._131_RunningTestCasesUsingTestNG2@4d154ccd]
	at java.base/java.util.ArrayList.forEach(ArrayList.java:1511)
	at java.base/java.util.concurrent.FutureTask.run(FutureTask.java:264)
	at java.base/java.util.concurrent.ThreadPoolExecutor.runWorker(ThreadPoolExecutor.java:1136)
	at java.base/java.util.concurrent.ThreadPoolExecutor$Worker.run(ThreadPoolExecutor.java:635)
	at java.base/java.lang.Thread.run(Thread.java:833)
... Removed 8 stack frames</div></td></tr></table><p class="totop"><a href="#summary">back to summary</a></p>
<h3 id="m10">S16_FrameworkPart1._131_RunningTestCasesUsingTestNG#datafetch</h3><table class="result"><tr class="param"><th>Parameter #1</th><th>Parameter #2</th></tr><tr class="param stripe"><td>user2</td><td>Password2</td></tr></table><p class="totop"><a href="#summary">back to summary</a></p>
<h3 id="m11">S16_FrameworkPart1._131_RunningTestCasesUsingTestNG#datafetch</h3><table class="result"><tr class="param"><th>Parameter #1</th><th>Parameter #2</th></tr><tr class="param stripe"><td>user1</td><td>Password1</td></tr></table><p class="totop"><a href="#summary">back to summary</a></p>
<h3 id="m12">S16_FrameworkPart1._131_RunningTestCasesUsingTestNG#datafetch</h3><table class="result"><tr class="param"><th>Parameter #1</th><th>Parameter #2</th></tr><tr class="param stripe"><td>user3</td><td>Password3</td></tr></table><p class="totop"><a href="#summary">back to summary</a></p>
</body>
</html>
