<?xml version="1.0" encoding="UTF-8"?>
<!-- Generated by org.testng.reporters.JUnitReportReporter -->
<testsuite hostname="IN-PPM108528" failures="0" tests="5" name="S16_FrameworkPart1._131_RunningTestCasesUsingTestNG" time="0.004" errors="1" timestamp="2023-09-17T11:01:39 IST" skipped="1">
  <testcase classname="S16_FrameworkPart1._131_RunningTestCasesUsingTestNG" name="datafetch" time="0.001"/>
  <testcase classname="S16_FrameworkPart1._131_RunningTestCasesUsingTestNG" name="datafetch" time="0.002"/>
  <testcase classname="S16_FrameworkPart1._131_RunningTestCasesUsingTestNG" name="Demo" time="0.000">
    <skipped/>
  </testcase> <!-- Demo -->
  <testcase classname="S16_FrameworkPart1._131_RunningTestCasesUsingTestNG" name="datafetch" time="0.001"/>
  <testcase classname="S16_FrameworkPart1._131_RunningTestCasesUsingTestNG" name="Demo2test" time="0.000">
    <error message="
Parameter &#039;URL&#039; is required by @Test on method Demo2test but has not been marked @Optional or defined
in C:\Users\plsrihar.old\Applications - Softwares\Selenium\Learning_Workspace\TestNG\testngParllelTestting.xml" type="org.testng.TestNGException">
      <![CDATA[org.testng.TestNGException: 
Parameter 'URL' is required by @Test on method Demo2test but has not been marked @Optional or defined
in C:\Users\plsrihar.old\Applications - Softwares\Selenium\Learning_Workspace\TestNG\testngParllelTestting.xml
at org.testng.internal.Parameters.createParams(Parameters.java:267)
at org.testng.internal.Parameters.createParametersForMethod(Parameters.java:355)
at org.testng.internal.Parameters.createParameters(Parameters.java:684)
at org.testng.internal.Parameters.handleParameters(Parameters.java:879)
at org.testng.internal.Parameters.handleParameters(Parameters.java:728)
at org.testng.internal.invokers.ParameterHandler.handleParameters(ParameterHandler.java:72)
at org.testng.internal.invokers.ParameterHandler.createParameters(ParameterHandler.java:51)
at org.testng.internal.invokers.TestInvoker$MethodInvocationAgent.invoke(TestInvoker.java:911)
at org.testng.internal.invokers.TestInvoker.invokeTestMethods(TestInvoker.java:200)
at org.testng.internal.invokers.TestMethodWorker.invokeTestMethods(TestMethodWorker.java:148)
at org.testng.internal.invokers.TestMethodWorker.run(TestMethodWorker.java:128)
at java.base/java.util.ArrayList.forEach(ArrayList.java:1511)
at org.testng.TestRunner.privateRun(TestRunner.java:848)
at org.testng.TestRunner.run(TestRunner.java:621)
at org.testng.SuiteRunner.runTest(SuiteRunner.java:443)
at org.testng.SuiteRunner$SuiteWorker.run(SuiteRunner.java:481)
at org.testng.internal.thread.ThreadUtil.lambda$execute$0(ThreadUtil.java:58)
at java.base/java.util.concurrent.FutureTask.run(FutureTask.java:264)
at java.base/java.util.concurrent.ThreadPoolExecutor.runWorker(ThreadPoolExecutor.java:1136)
at java.base/java.util.concurrent.ThreadPoolExecutor$Worker.run(ThreadPoolExecutor.java:635)
at java.base/java.lang.Thread.run(Thread.java:833)
]]>
    </error>
  </testcase> <!-- Demo2test -->
</testsuite> <!-- S16_FrameworkPart1._131_RunningTestCasesUsingTestNG -->
